<?xml version="1.0" encoding="UTF-8"?>
<!-- Generated by org.testng.reporters.JUnitXMLReporter -->
<testsuite hostname="CHD118182" ignored="0" name="Default test" tests="4" failures="0" timestamp="12 Oct 2018 12:07:11 GMT" time="5.074" errors="0">
  <testcase name="TestStatusCode" time="2.156" classname="RestAssured.RestAssured.test"/>
  <testcase name="TestResponseBody" time="0.998" classname="RestAssured.RestAssured.test"/>
  <testcase name="TestResponseTime" time="0.971" classname="RestAssured.RestAssured.test"/>
  <testcase name="TestContentType" time="0.922" classname="RestAssured.RestAssured.test"/>
</testsuite> <!-- Default test -->
