<?xml version="1.0" encoding="UTF-8"?>
<testng-results skipped="0" failed="0" ignored="0" total="4" passed="4">
  <reporter-output>
  </reporter-output>
  <suite name="Default suite" duration-ms="5074" started-at="2018-10-12T12:07:06Z" finished-at="2018-10-12T12:07:11Z">
    <groups>
    </groups>
    <test name="Default test" duration-ms="5074" started-at="2018-10-12T12:07:06Z" finished-at="2018-10-12T12:07:11Z">
      <class name="RestAssured.RestAssured.test">
        <test-method status="PASS" signature="TestStatusCode()[pri:0, instance:RestAssured.RestAssured.test@2a2d45ba]" name="TestStatusCode" duration-ms="2156" started-at="2018-10-12T12:07:06Z" finished-at="2018-10-12T12:07:08Z">
          <reporter-output>
          </reporter-output>
        </test-method> <!-- TestStatusCode -->
        <test-method status="PASS" signature="TestResponseBody()[pri:1, instance:RestAssured.RestAssured.test@2a2d45ba]" name="TestResponseBody" duration-ms="998" started-at="2018-10-12T12:07:08Z" finished-at="2018-10-12T12:07:09Z">
          <reporter-output>
          </reporter-output>
        </test-method> <!-- TestResponseBody -->
        <test-method status="PASS" signature="TestResponseTime()[pri:2, instance:RestAssured.RestAssured.test@2a2d45ba]" name="TestResponseTime" duration-ms="971" started-at="2018-10-12T12:07:09Z" finished-at="2018-10-12T12:07:10Z">
          <reporter-output>
          </reporter-output>
        </test-method> <!-- TestResponseTime -->
        <test-method status="PASS" signature="TestContentType()[pri:3, instance:RestAssured.RestAssured.test@2a2d45ba]" name="TestContentType" duration-ms="922" started-at="2018-10-12T12:07:10Z" finished-at="2018-10-12T12:07:11Z">
          <reporter-output>
          </reporter-output>
        </test-method> <!-- TestContentType -->
      </class> <!-- RestAssured.RestAssured.test -->
    </test> <!-- Default test -->
  </suite> <!-- Default suite -->
</testng-results>
